        -:    0:Source:dominion.c
        -:    0:Graph:dominion.gcno
        -:    0:Data:dominion.gcda
        -:    0:Runs:1
        -:    0:Programs:1
        -:    1:#include "dominion.h"
        -:    2:#include "dominion_helpers.h"
        -:    3:#include "rngs.h"
        -:    4:#include <stdio.h>
        -:    5:#include <math.h>
        -:    6:#include <stdlib.h>
        -:    7:
function compare called 750 returned 100% blocks executed 83%
      750:    8:int compare(const void* a, const void* b) {
      750:    9:  if (*(int*)a > *(int*)b)
branch  0 taken 0% (fallthrough)
branch  1 taken 100%
    #####:   10:    return 1;
      750:   11:  if (*(int*)a < *(int*)b)
branch  0 taken 27% (fallthrough)
branch  1 taken 73%
      200:   12:    return -1;
      550:   13:  return 0;
        -:   14:}
        -:   15:
function newGame called 0 returned 0% blocks executed 0%
    #####:   16:struct gameState* newGame() {
    #####:   17:  struct gameState* g = malloc(sizeof(struct gameState));
    #####:   18:  return g;
        -:   19:}
        -:   20:
function kingdomCards called 0 returned 0% blocks executed 0%
    #####:   21:int* kingdomCards(int k1, int k2, int k3, int k4, int k5, int k6, int k7,
        -:   22:		  int k8, int k9, int k10) {
    #####:   23:  int* k = malloc(10 * sizeof(int));
    #####:   24:  k[0] = k1;
    #####:   25:  k[1] = k2;
    #####:   26:  k[2] = k3;
    #####:   27:  k[3] = k4;
    #####:   28:  k[4] = k5;
    #####:   29:  k[5] = k6;
    #####:   30:  k[6] = k7;
    #####:   31:  k[7] = k8;
    #####:   32:  k[8] = k9;
    #####:   33:  k[9] = k10;
    #####:   34:  return k;
        -:   35:}
        -:   36:
function initializeGame called 25 returned 100% blocks executed 88%
       25:   37:int initializeGame(int numPlayers, int kingdomCards[10], int randomSeed,
        -:   38:		   struct gameState *state) {
        -:   39:
        -:   40:  int i;
        -:   41:  int j;
        -:   42:  int it;
        -:   43:  //set up random number generator
       25:   44:  SelectStream(1);
call    0 returned 100%
       25:   45:  PutSeed((long)randomSeed);
call    0 returned 100%
        -:   46:
        -:   47:  //check number of players
       25:   48:  if (numPlayers > MAX_PLAYERS || numPlayers < 2)
branch  0 taken 100% (fallthrough)
branch  1 taken 0%
branch  2 taken 0% (fallthrough)
branch  3 taken 100%
        -:   49:    {
    #####:   50:      return -1;
        -:   51:    }
        -:   52:
        -:   53:  //set number of players
       25:   54:  state->numPlayers = numPlayers;
        -:   55:
        -:   56:  //check selected kingdom cards are different
      275:   57:  for (i = 0; i < 10; i++)
branch  0 taken 91%
branch  1 taken 9% (fallthrough)
        -:   58:    {
     2750:   59:      for (j = 0; j < 10; j++)
branch  0 taken 91%
branch  1 taken 9% (fallthrough)
        -:   60:        {
     2500:   61:	  if (j != i && kingdomCards[j] == kingdomCards[i])
branch  0 taken 90% (fallthrough)
branch  1 taken 10%
branch  2 taken 0% (fallthrough)
branch  3 taken 100%
        -:   62:	    {
    #####:   63:	      return -1;
        -:   64:	    }
        -:   65:        }
        -:   66:    }
        -:   67:
        -:   68:
        -:   69:  //initialize supply
        -:   70:  ///////////////////////////////
        -:   71:
        -:   72:  //set number of Curse cards
       25:   73:  if (numPlayers == 2)
branch  0 taken 100% (fallthrough)
branch  1 taken 0%
        -:   74:    {
       25:   75:      state->supplyCount[curse] = 10;
        -:   76:    }
    #####:   77:  else if (numPlayers == 3)
branch  0 never executed
branch  1 never executed
        -:   78:    {
    #####:   79:      state->supplyCount[curse] = 20;
        -:   80:    }
        -:   81:  else
        -:   82:    {
    #####:   83:      state->supplyCount[curse] = 30;
        -:   84:    }
        -:   85:
        -:   86:  //set number of Victory cards
       25:   87:  if (numPlayers == 2)
branch  0 taken 100% (fallthrough)
branch  1 taken 0%
        -:   88:    {
       25:   89:      state->supplyCount[estate] = 8;
       25:   90:      state->supplyCount[duchy] = 8;
       25:   91:      state->supplyCount[province] = 8;
        -:   92:    }
        -:   93:  else
        -:   94:    {
    #####:   95:      state->supplyCount[estate] = 12;
    #####:   96:      state->supplyCount[duchy] = 12;
    #####:   97:      state->supplyCount[province] = 12;
        -:   98:    }
        -:   99:
        -:  100:  //set number of Treasure cards
       25:  101:  state->supplyCount[copper] = 60 - (7 * numPlayers);
       25:  102:  state->supplyCount[silver] = 40;
       25:  103:  state->supplyCount[gold] = 30;
        -:  104:
        -:  105:  //set number of Kingdom cards
      525:  106:  for (i = adventurer; i <= treasure_map; i++)       	//loop all cards
branch  0 taken 95%
branch  1 taken 5% (fallthrough)
        -:  107:    {
     4125:  108:      for (j = 0; j < 10; j++)           		//loop chosen cards
branch  0 taken 94%
branch  1 taken 6% (fallthrough)
        -:  109:	{
     3875:  110:	  if (kingdomCards[j] == i)
branch  0 taken 6% (fallthrough)
branch  1 taken 94%
        -:  111:	    {
        -:  112:	      //check if card is a 'Victory' Kingdom card
      250:  113:	      if (kingdomCards[j] == great_hall || kingdomCards[j] == gardens)
branch  0 taken 90% (fallthrough)
branch  1 taken 10%
branch  2 taken 11% (fallthrough)
branch  3 taken 89%
        -:  114:		{
      100:  115:		  if (numPlayers == 2){
branch  0 taken 100% (fallthrough)
branch  1 taken 0%
       50:  116:		    state->supplyCount[i] = 8;
        -:  117:		  }
    #####:  118:		  else{ state->supplyCount[i] = 12; }
        -:  119:		}
        -:  120:	      else
        -:  121:		{
      200:  122:		  state->supplyCount[i] = 10;
        -:  123:		}
      250:  124:	      break;
        -:  125:	    }
        -:  126:	  else    //card is not in the set choosen for the game
        -:  127:	    {
     3625:  128:	      state->supplyCount[i] = -1;
        -:  129:	    }
        -:  130:	}
        -:  131:
        -:  132:    }
        -:  133:
        -:  134:  ////////////////////////
        -:  135:  //supply intilization complete
        -:  136:
        -:  137:  //set player decks
       75:  138:  for (i = 0; i < numPlayers; i++)
branch  0 taken 67%
branch  1 taken 33% (fallthrough)
        -:  139:    {
       50:  140:      state->deckCount[i] = 0;
      200:  141:      for (j = 0; j < 3; j++)
branch  0 taken 75%
branch  1 taken 25% (fallthrough)
        -:  142:	{
      150:  143:	  state->deck[i][j] = estate;
      150:  144:	  state->deckCount[i]++;
        -:  145:	}
      400:  146:      for (j = 3; j < 10; j++)
branch  0 taken 88%
branch  1 taken 13% (fallthrough)
        -:  147:	{
      350:  148:	  state->deck[i][j] = copper;
      350:  149:	  state->deckCount[i]++;
        -:  150:	}
        -:  151:    }
        -:  152:
        -:  153:  //shuffle player decks
       75:  154:  for (i = 0; i < numPlayers; i++)
branch  0 taken 67%
branch  1 taken 33% (fallthrough)
        -:  155:    {
       50:  156:      if ( shuffle(i, state) < 0 )
call    0 returned 100%
branch  1 taken 0% (fallthrough)
branch  2 taken 100%
        -:  157:	{
    #####:  158:	  return -1;
        -:  159:	}
        -:  160:    }
        -:  161:
        -:  162:  //draw player hands
       75:  163:  for (i = 0; i < numPlayers; i++)
branch  0 taken 67%
branch  1 taken 33% (fallthrough)
        -:  164:    {
        -:  165:      //initialize hand size to zero
       50:  166:      state->handCount[i] = 0;
       50:  167:      state->discardCount[i] = 0;
        -:  168:      //draw 5 cards
        -:  169:      // for (j = 0; j < 5; j++)
        -:  170:      //	{
        -:  171:      //	  drawCard(i, state);
        -:  172:      //	}
        -:  173:    }
        -:  174:
        -:  175:  //set embargo tokens to 0 for all supply piles
      700:  176:  for (i = 0; i <= treasure_map; i++)
branch  0 taken 96%
branch  1 taken 4% (fallthrough)
        -:  177:    {
      675:  178:      state->embargoTokens[i] = 0;
        -:  179:    }
        -:  180:
        -:  181:  //initialize first player's turn
       25:  182:  state->outpostPlayed = 0;
       25:  183:  state->phase = 0;
       25:  184:  state->numActions = 1;
       25:  185:  state->numBuys = 1;
       25:  186:  state->playedCardCount = 0;
       25:  187:  state->whoseTurn = 0;
       25:  188:  state->handCount[state->whoseTurn] = 0;
        -:  189:  //int it; move to top
        -:  190:
        -:  191:  //Moved draw cards to here, only drawing at the start of a turn
      150:  192:  for (it = 0; it < 5; it++){
branch  0 taken 83%
branch  1 taken 17% (fallthrough)
      125:  193:    drawCard(state->whoseTurn, state);
call    0 returned 100%
        -:  194:  }
        -:  195:
       25:  196:  updateCoins(state->whoseTurn, state, 0);
call    0 returned 100%
        -:  197:
       25:  198:  return 0;
        -:  199:}
        -:  200:
function shuffle called 50 returned 100% blocks executed 94%
       50:  201:int shuffle(int player, struct gameState *state) {
        -:  202:
        -:  203:
        -:  204:  int newDeck[MAX_DECK];
       50:  205:  int newDeckPos = 0;
        -:  206:  int card;
        -:  207:  int i;
        -:  208:
       50:  209:  if (state->deckCount[player] < 1)
branch  0 taken 0% (fallthrough)
branch  1 taken 100%
    #####:  210:    return -1;
       50:  211:  qsort ((void*)(state->deck[player]), state->deckCount[player], sizeof(int), compare);
call    0 returned 100%
        -:  212:  /* SORT CARDS IN DECK TO ENSURE DETERMINISM! */
        -:  213:
      600:  214:  while (state->deckCount[player] > 0) {
branch  0 taken 91%
branch  1 taken 9% (fallthrough)
      500:  215:    card = floor(Random() * state->deckCount[player]);
call    0 returned 100%
      500:  216:    newDeck[newDeckPos] = state->deck[player][card];
      500:  217:    newDeckPos++;
     1750:  218:    for (i = card; i < state->deckCount[player]-1; i++) {
branch  0 taken 71%
branch  1 taken 29% (fallthrough)
     1250:  219:      state->deck[player][i] = state->deck[player][i+1];
        -:  220:    }
      500:  221:    state->deckCount[player]--;
        -:  222:  }
      550:  223:  for (i = 0; i < newDeckPos; i++) {
branch  0 taken 91%
branch  1 taken 9% (fallthrough)
      500:  224:    state->deck[player][i] = newDeck[i];
      500:  225:    state->deckCount[player]++;
        -:  226:  }
        -:  227:
       50:  228:  return 0;
        -:  229:}
        -:  230:
function playCard called 0 returned 0% blocks executed 0%
    #####:  231:int playCard(int handPos, int choice1, int choice2, int choice3, struct gameState *state)
        -:  232:{
        -:  233:  int card;
    #####:  234:  int coin_bonus = 0; 		//tracks coins gain from actions
        -:  235:
        -:  236:  //check if it is the right phase
    #####:  237:  if (state->phase != 0)
branch  0 never executed
branch  1 never executed
        -:  238:    {
    #####:  239:      return -1;
        -:  240:    }
        -:  241:
        -:  242:  //check if player has enough actions
    #####:  243:  if ( state->numActions < 1 )
branch  0 never executed
branch  1 never executed
        -:  244:    {
    #####:  245:      return -1;
        -:  246:    }
        -:  247:
        -:  248:  //get card played
    #####:  249:  card = handCard(handPos, state);
call    0 never executed
        -:  250:
        -:  251:  //check if selected card is an action
    #####:  252:  if ( card < adventurer || card > treasure_map )
branch  0 never executed
branch  1 never executed
branch  2 never executed
branch  3 never executed
        -:  253:    {
    #####:  254:      return -1;
        -:  255:    }
        -:  256:
        -:  257:  //play card
    #####:  258:  if ( cardEffect(card, choice1, choice2, choice3, state, handPos, &coin_bonus) < 0 )
call    0 never executed
branch  1 never executed
branch  2 never executed
        -:  259:    {
    #####:  260:      return -1;
        -:  261:    }
        -:  262:
        -:  263:  //reduce number of actions
    #####:  264:  state->numActions--;
        -:  265:
        -:  266:  //update coins (Treasure cards may be added with card draws)
    #####:  267:  updateCoins(state->whoseTurn, state, coin_bonus);
call    0 never executed
        -:  268:
    #####:  269:  return 0;
        -:  270:}
        -:  271:
function buyCard called 0 returned 0% blocks executed 0%
    #####:  272:int buyCard(int supplyPos, struct gameState *state) {
        -:  273:  int who;
        -:  274:  if (DEBUG){
        -:  275:    printf("Entering buyCard...\n");
        -:  276:  }
        -:  277:
        -:  278:  // I don't know what to do about the phase thing.
        -:  279:
    #####:  280:  who = state->whoseTurn;
        -:  281:
    #####:  282:  if (state->numBuys < 1){
branch  0 never executed
branch  1 never executed
        -:  283:    if (DEBUG)
        -:  284:      printf("You do not have any buys left\n");
    #####:  285:    return -1;
    #####:  286:  } else if (supplyCount(supplyPos, state) <1){
call    0 never executed
branch  1 never executed
branch  2 never executed
        -:  287:    if (DEBUG)
        -:  288:      printf("There are not any of that type of card left\n");
    #####:  289:    return -1;
    #####:  290:  } else if (state->coins < getCost(supplyPos)){
call    0 never executed
branch  1 never executed
branch  2 never executed
        -:  291:    if (DEBUG)
        -:  292:      printf("You do not have enough money to buy that. You have %d coins.\n", state->coins);
    #####:  293:    return -1;
        -:  294:  } else {
    #####:  295:    state->phase=1;
        -:  296:    //state->supplyCount[supplyPos]--;
    #####:  297:    gainCard(supplyPos, state, 0, who); //card goes in discard, this might be wrong.. (2 means goes into hand, 0 goes into discard)
call    0 never executed
        -:  298:
    #####:  299:    state->coins = (state->coins) - (getCost(supplyPos));
call    0 never executed
    #####:  300:    state->numBuys--;
        -:  301:    if (DEBUG)
        -:  302:      printf("You bought card number %d for %d coins. You now have %d buys and %d coins.\n", supplyPos, getCost(supplyPos), state->numBuys, state->coins);
        -:  303:  }
        -:  304:
        -:  305:  //state->discard[who][state->discardCount[who]] = supplyPos;
        -:  306:  //state->discardCount[who]++;
        -:  307:
    #####:  308:  return 0;
        -:  309:}
        -:  310:
function numHandCards called 0 returned 0% blocks executed 0%
    #####:  311:int numHandCards(struct gameState *state) {
    #####:  312:  return state->handCount[ whoseTurn(state) ];
call    0 never executed
        -:  313:}
        -:  314:
function handCard called 20 returned 100% blocks executed 100%
       20:  315:int handCard(int handPos, struct gameState *state) {
       20:  316:  int currentPlayer = whoseTurn(state);
call    0 returned 100%
       20:  317:  return state->hand[currentPlayer][handPos];
        -:  318:}
        -:  319:
function supplyCount called 0 returned 0% blocks executed 0%
    #####:  320:int supplyCount(int card, struct gameState *state) {
    #####:  321:  return state->supplyCount[card];
        -:  322:}
        -:  323:
function fullDeckCount called 0 returned 0% blocks executed 0%
    #####:  324:int fullDeckCount(int player, int card, struct gameState *state) {
        -:  325:  int i;
    #####:  326:  int count = 0;
        -:  327:
    #####:  328:  for (i = 0; i < state->deckCount[player]; i++)
branch  0 never executed
branch  1 never executed
        -:  329:    {
    #####:  330:      if (state->deck[player][i] == card) count++;
branch  0 never executed
branch  1 never executed
        -:  331:    }
        -:  332:
    #####:  333:  for (i = 0; i < state->handCount[player]; i++)
branch  0 never executed
branch  1 never executed
        -:  334:    {
    #####:  335:      if (state->hand[player][i] == card) count++;
branch  0 never executed
branch  1 never executed
        -:  336:    }
        -:  337:
    #####:  338:  for (i = 0; i < state->discardCount[player]; i++)
branch  0 never executed
branch  1 never executed
        -:  339:    {
    #####:  340:      if (state->discard[player][i] == card) count++;
branch  0 never executed
branch  1 never executed
        -:  341:    }
        -:  342:
    #####:  343:  return count;
        -:  344:}
        -:  345:
function whoseTurn called 45 returned 100% blocks executed 100%
       45:  346:int whoseTurn(struct gameState *state) {
       45:  347:  return state->whoseTurn;
        -:  348:}
        -:  349:
function endTurn called 0 returned 0% blocks executed 0%
    #####:  350:int endTurn(struct gameState *state) {
        -:  351:  int k;
        -:  352:  int i;
    #####:  353:  int currentPlayer = whoseTurn(state);
call    0 never executed
        -:  354:
        -:  355:  //Discard hand
    #####:  356:  for (i = 0; i < state->handCount[currentPlayer]; i++){
branch  0 never executed
branch  1 never executed
    #####:  357:    state->discard[currentPlayer][state->discardCount[currentPlayer]++] = state->hand[currentPlayer][i];//Discard
    #####:  358:    state->hand[currentPlayer][i] = -1;//Set card to -1
        -:  359:  }
    #####:  360:  state->handCount[currentPlayer] = 0;//Reset hand count
        -:  361:
        -:  362:  //Code for determining the player
    #####:  363:  if (currentPlayer < (state->numPlayers - 1)){
branch  0 never executed
branch  1 never executed
    #####:  364:    state->whoseTurn = currentPlayer + 1;//Still safe to increment
        -:  365:  }
        -:  366:  else{
    #####:  367:    state->whoseTurn = 0;//Max player has been reached, loop back around to player 1
        -:  368:  }
        -:  369:
    #####:  370:  state->outpostPlayed = 0;
    #####:  371:  state->phase = 0;
    #####:  372:  state->numActions = 1;
    #####:  373:  state->coins = 0;
    #####:  374:  state->numBuys = 1;
    #####:  375:  state->playedCardCount = 0;
    #####:  376:  state->handCount[state->whoseTurn] = 0;
        -:  377:
        -:  378:  //int k; move to top
        -:  379:  //Next player draws hand
    #####:  380:  for (k = 0; k < 5; k++){
branch  0 never executed
branch  1 never executed
    #####:  381:    drawCard(state->whoseTurn, state);//Draw a card
call    0 never executed
        -:  382:  }
        -:  383:
        -:  384:  //Update money
    #####:  385:  updateCoins(state->whoseTurn, state , 0);
call    0 never executed
        -:  386:
    #####:  387:  return 0;
        -:  388:}
        -:  389:
function isGameOver called 0 returned 0% blocks executed 0%
    #####:  390:int isGameOver(struct gameState *state) {
        -:  391:  int i;
        -:  392:  int j;
        -:  393:
        -:  394:  //if stack of Province cards is empty, the game ends
    #####:  395:  if (state->supplyCount[province] == 0)
branch  0 never executed
branch  1 never executed
        -:  396:    {
    #####:  397:      return 1;
        -:  398:    }
        -:  399:
        -:  400:  //if three supply pile are at 0, the game ends
    #####:  401:  j = 0;
    #####:  402:  for (i = 0; i < 25; i++)
branch  0 never executed
branch  1 never executed
        -:  403:    {
    #####:  404:      if (state->supplyCount[i] == 0)
branch  0 never executed
branch  1 never executed
        -:  405:	{
    #####:  406:	  j++;
        -:  407:	}
        -:  408:    }
    #####:  409:  if ( j >= 3)
branch  0 never executed
branch  1 never executed
        -:  410:    {
    #####:  411:      return 1;
        -:  412:    }
        -:  413:
    #####:  414:  return 0;
        -:  415:}
        -:  416:
function scoreFor called 0 returned 0% blocks executed 0%
    #####:  417:int scoreFor (int player, struct gameState *state) {
        -:  418:
        -:  419:  int i;
    #####:  420:  int score = 0;
        -:  421:  //score from hand
    #####:  422:  for (i = 0; i < state->handCount[player]; i++)
branch  0 never executed
branch  1 never executed
        -:  423:    {
    #####:  424:      if (state->hand[player][i] == curse) { score = score - 1; };
branch  0 never executed
branch  1 never executed
    #####:  425:      if (state->hand[player][i] == estate) { score = score + 1; };
branch  0 never executed
branch  1 never executed
    #####:  426:      if (state->hand[player][i] == duchy) { score = score + 3; };
branch  0 never executed
branch  1 never executed
    #####:  427:      if (state->hand[player][i] == province) { score = score + 6; };
branch  0 never executed
branch  1 never executed
    #####:  428:      if (state->hand[player][i] == great_hall) { score = score + 1; };
branch  0 never executed
branch  1 never executed
    #####:  429:      if (state->hand[player][i] == gardens) { score = score + ( fullDeckCount(player, 0, state) / 10 ); };
branch  0 never executed
branch  1 never executed
call    2 never executed
        -:  430:    }
        -:  431:
        -:  432:  //score from discard
    #####:  433:  for (i = 0; i < state->discardCount[player]; i++)
branch  0 never executed
branch  1 never executed
        -:  434:    {
    #####:  435:      if (state->discard[player][i] == curse) { score = score - 1; };
branch  0 never executed
branch  1 never executed
    #####:  436:      if (state->discard[player][i] == estate) { score = score + 1; };
branch  0 never executed
branch  1 never executed
    #####:  437:      if (state->discard[player][i] == duchy) { score = score + 3; };
branch  0 never executed
branch  1 never executed
    #####:  438:      if (state->discard[player][i] == province) { score = score + 6; };
branch  0 never executed
branch  1 never executed
    #####:  439:      if (state->discard[player][i] == great_hall) { score = score + 1; };
branch  0 never executed
branch  1 never executed
    #####:  440:      if (state->discard[player][i] == gardens) { score = score + ( fullDeckCount(player, 0, state) / 10 ); };
branch  0 never executed
branch  1 never executed
call    2 never executed
        -:  441:    }
        -:  442:
        -:  443:  //score from deck
    #####:  444:  for (i = 0; i < state->discardCount[player]; i++)
branch  0 never executed
branch  1 never executed
        -:  445:    {
    #####:  446:      if (state->deck[player][i] == curse) { score = score - 1; };
branch  0 never executed
branch  1 never executed
    #####:  447:      if (state->deck[player][i] == estate) { score = score + 1; };
branch  0 never executed
branch  1 never executed
    #####:  448:      if (state->deck[player][i] == duchy) { score = score + 3; };
branch  0 never executed
branch  1 never executed
    #####:  449:      if (state->deck[player][i] == province) { score = score + 6; };
branch  0 never executed
branch  1 never executed
    #####:  450:      if (state->deck[player][i] == great_hall) { score = score + 1; };
branch  0 never executed
branch  1 never executed
    #####:  451:      if (state->deck[player][i] == gardens) { score = score + ( fullDeckCount(player, 0, state) / 10 ); };
branch  0 never executed
branch  1 never executed
call    2 never executed
        -:  452:    }
        -:  453:
    #####:  454:  return score;
        -:  455:}
        -:  456:
function getWinners called 0 returned 0% blocks executed 0%
    #####:  457:int getWinners(int players[MAX_PLAYERS], struct gameState *state) {
        -:  458:  int i;
        -:  459:  int j;
        -:  460:  int highScore;
        -:  461:  int currentPlayer;
        -:  462:
        -:  463:  //get score for each player
    #####:  464:  for (i = 0; i < MAX_PLAYERS; i++)
branch  0 never executed
branch  1 never executed
        -:  465:    {
        -:  466:      //set unused player scores to -9999
    #####:  467:      if (i >= state->numPlayers)
branch  0 never executed
branch  1 never executed
        -:  468:	{
    #####:  469:	  players[i] = -9999;
        -:  470:	}
        -:  471:      else
        -:  472:	{
    #####:  473:	  players[i] = scoreFor (i, state);
call    0 never executed
        -:  474:	}
        -:  475:    }
        -:  476:
        -:  477:  //find highest score
    #####:  478:  j = 0;
    #####:  479:  for (i = 0; i < MAX_PLAYERS; i++)
branch  0 never executed
branch  1 never executed
        -:  480:    {
    #####:  481:      if (players[i] > players[j])
branch  0 never executed
branch  1 never executed
        -:  482:	{
    #####:  483:	  j = i;
        -:  484:	}
        -:  485:    }
    #####:  486:  highScore = players[j];
        -:  487:
        -:  488:  //add 1 to players who had less turns
    #####:  489:  currentPlayer = whoseTurn(state);
call    0 never executed
    #####:  490:  for (i = 0; i < MAX_PLAYERS; i++)
branch  0 never executed
branch  1 never executed
        -:  491:    {
    #####:  492:      if ( players[i] == highScore && i > currentPlayer )
branch  0 never executed
branch  1 never executed
branch  2 never executed
branch  3 never executed
        -:  493:	{
    #####:  494:	  players[i]++;
        -:  495:	}
        -:  496:    }
        -:  497:
        -:  498:  //find new highest score
    #####:  499:  j = 0;
    #####:  500:  for (i = 0; i < MAX_PLAYERS; i++)
branch  0 never executed
branch  1 never executed
        -:  501:    {
    #####:  502:      if ( players[i] > players[j] )
branch  0 never executed
branch  1 never executed
        -:  503:	{
    #####:  504:	  j = i;
        -:  505:	}
        -:  506:    }
    #####:  507:  highScore = players[j];
        -:  508:
        -:  509:  //set winners in array to 1 and rest to 0
    #####:  510:  for (i = 0; i < MAX_PLAYERS; i++)
branch  0 never executed
branch  1 never executed
        -:  511:    {
    #####:  512:      if ( players[i] == highScore )
branch  0 never executed
branch  1 never executed
        -:  513:	{
    #####:  514:	  players[i] = 1;
        -:  515:	}
        -:  516:      else
        -:  517:	{
    #####:  518:	  players[i] = 0;
        -:  519:	}
        -:  520:    }
        -:  521:
    #####:  522:  return 0;
        -:  523:}
        -:  524:
function drawCard called 125 returned 100% blocks executed 38%
      125:  525:int drawCard(int player, struct gameState *state)
        -:  526:{	int count;
        -:  527:  int deckCounter;
      125:  528:  if (state->deckCount[player] <= 0){//Deck is empty
branch  0 taken 0% (fallthrough)
branch  1 taken 100%
        -:  529:
        -:  530:    //Step 1 Shuffle the discard pile back into a deck
        -:  531:    int i;
        -:  532:    //Move discard to deck
    #####:  533:    for (i = 0; i < state->discardCount[player];i++){
branch  0 never executed
branch  1 never executed
    #####:  534:      state->deck[player][i] = state->discard[player][i];
    #####:  535:      state->discard[player][i] = -1;
        -:  536:    }
        -:  537:
    #####:  538:    state->deckCount[player] = state->discardCount[player];
    #####:  539:    state->discardCount[player] = 0;//Reset discard
        -:  540:
        -:  541:    //Shufffle the deck
    #####:  542:    shuffle(player, state);//Shuffle the deck up and make it so that we can draw
call    0 never executed
        -:  543:
        -:  544:    if (DEBUG){//Debug statements
        -:  545:      printf("Deck count now: %d\n", state->deckCount[player]);
        -:  546:    }
        -:  547:
    #####:  548:    state->discardCount[player] = 0;
        -:  549:
        -:  550:    //Step 2 Draw Card
    #####:  551:    count = state->handCount[player];//Get current player's hand count
        -:  552:
        -:  553:    if (DEBUG){//Debug statements
        -:  554:      printf("Current hand count: %d\n", count);
        -:  555:    }
        -:  556:
    #####:  557:    deckCounter = state->deckCount[player];//Create a holder for the deck count
        -:  558:
    #####:  559:    if (deckCounter == 0)
branch  0 never executed
branch  1 never executed
    #####:  560:      return -1;
        -:  561:
    #####:  562:    state->hand[player][count] = state->deck[player][deckCounter - 1];//Add card to hand
    #####:  563:    state->deckCount[player]--;
    #####:  564:    state->handCount[player]++;//Increment hand count
        -:  565:  }
        -:  566:
        -:  567:  else{
      125:  568:    int count = state->handCount[player];//Get current hand count for player
        -:  569:    int deckCounter;
        -:  570:    if (DEBUG){//Debug statements
        -:  571:      printf("Current hand count: %d\n", count);
        -:  572:    }
        -:  573:
      125:  574:    deckCounter = state->deckCount[player];//Create holder for the deck count
      125:  575:    state->hand[player][count] = state->deck[player][deckCounter - 1];//Add card to the hand
      125:  576:    state->deckCount[player]--;
      125:  577:    state->handCount[player]++;//Increment hand count
        -:  578:  }
        -:  579:
      125:  580:  return 0;
        -:  581:}
        -:  582:
function getCost called 45 returned 100% blocks executed 27%
       45:  583:int getCost(int cardNumber)
        -:  584:{
       45:  585:  switch( cardNumber )
branch  0 taken 0%
branch  1 taken 0%
branch  2 taken 0%
branch  3 taken 0%
branch  4 taken 0%
branch  5 taken 0%
branch  6 taken 0%
branch  7 taken 9%
branch  8 taken 18%
branch  9 taken 18%
branch 10 taken 18%
branch 11 taken 18%
branch 12 taken 0%
branch 13 taken 0%
branch 14 taken 0%
branch 15 taken 0%
branch 16 taken 0%
branch 17 taken 0%
branch 18 taken 0%
branch 19 taken 0%
branch 20 taken 0%
branch 21 taken 0%
branch 22 taken 0%
branch 23 taken 0%
branch 24 taken 20%
branch 25 taken 0%
branch 26 taken 0%
branch 27 taken 0%
        -:  586:    {
        -:  587:    case curse:
    #####:  588:      return 0;
        -:  589:    case estate:
    #####:  590:      return 2;
        -:  591:    case duchy:
    #####:  592:      return 5;
        -:  593:    case province:
    #####:  594:      return 8;
        -:  595:    case copper:
    #####:  596:      return 0;
        -:  597:    case silver:
    #####:  598:      return 3;
        -:  599:    case gold:
    #####:  600:      return 6;
        -:  601:    case adventurer:
        4:  602:      return 6;
        -:  603:    case council_room:
        8:  604:      return 5;
        -:  605:    case feast:
        8:  606:      return 4;
        -:  607:    case gardens:
        8:  608:      return 4;
        -:  609:    case mine:
        8:  610:      return 5;
        -:  611:    case remodel:
    #####:  612:      return 4;
        -:  613:    case smithy:
    #####:  614:      return 4;
        -:  615:    case village:
    #####:  616:      return 3;
        -:  617:    case baron:
    #####:  618:      return 4;
        -:  619:    case great_hall:
    #####:  620:      return 3;
        -:  621:    case minion:
    #####:  622:      return 5;
        -:  623:    case steward:
    #####:  624:      return 3;
        -:  625:    case tribute:
    #####:  626:      return 5;
        -:  627:    case ambassador:
    #####:  628:      return 3;
        -:  629:    case cutpurse:
    #####:  630:      return 4;
        -:  631:    case embargo:
    #####:  632:      return 2;
        -:  633:    case outpost:
    #####:  634:      return 5;
        -:  635:    case salvager:
        9:  636:      return 4;
        -:  637:    case sea_hag:
    #####:  638:      return 4;
        -:  639:    case treasure_map:
    #####:  640:      return 4;
        -:  641:    }
        -:  642:
    #####:  643:  return -1;
        -:  644:}
        -:  645:
function cardEffect called 25 returned 100% blocks executed 3%
       25:  646:int cardEffect(int card, int choice1, int choice2, int choice3, struct gameState *state, int handPos, int *bonus)
        -:  647:{
        -:  648:  int i;
        -:  649:  int j;
        -:  650:  int k;
        -:  651:  int index;
       25:  652:  int currentPlayer = whoseTurn(state);
call    0 returned 100%
       25:  653:  int nextPlayer = currentPlayer + 1;
        -:  654:
       25:  655:  int tributeRevealedCards[2] = {-1, -1};
       25:  656:  if (nextPlayer > (state->numPlayers - 1)){
branch  0 taken 0% (fallthrough)
branch  1 taken 100%
    #####:  657:    nextPlayer = 0;
        -:  658:  }
        -:  659:
        -:  660:
        -:  661:  //uses switch to select card and perform actions
       25:  662:  switch( card )
branch  0 taken 0%
branch  1 taken 0%
branch  2 taken 0%
branch  3 taken 0%
branch  4 taken 0%
branch  5 taken 0%
branch  6 taken 0%
branch  7 taken 0%
branch  8 taken 0%
branch  9 taken 0%
branch 10 taken 0%
branch 11 taken 0%
branch 12 taken 0%
branch 13 taken 0%
branch 14 taken 0%
branch 15 taken 0%
branch 16 taken 0%
branch 17 taken 100%
branch 18 taken 0%
branch 19 taken 0%
branch 20 taken 0%
        -:  663:    {
        -:  664:    case adventurer:
    #####:  665:        return adventurerCard(state);
call    0 never executed
        -:  666:
        -:  667:    case council_room:
    #####:  668:        return council_roomCard(state, handPos);
call    0 never executed
        -:  669:
        -:  670:    case feast:
    #####:  671:        return feastCard(state, choice1, handPos);
call    0 never executed
        -:  672:
        -:  673:    case gardens:
    #####:  674:      return -1;
        -:  675:
        -:  676:    case mine:
    #####:  677:      return mineCard(state, choice1, choice2, handPos);
call    0 never executed
        -:  678:
        -:  679:    case remodel:
    #####:  680:      j = state->hand[currentPlayer][choice1];  //store card we will trash
        -:  681:
    #####:  682:      if ( (getCost(state->hand[currentPlayer][choice1]) + 2) > getCost(choice2) )
call    0 never executed
call    1 never executed
branch  2 never executed
branch  3 never executed
        -:  683:	{
    #####:  684:	  return -1;
        -:  685:	}
        -:  686:
    #####:  687:      gainCard(choice2, state, 0, currentPlayer);
call    0 never executed
        -:  688:
        -:  689:      //discard card from hand
    #####:  690:      discardCard(handPos, currentPlayer, state, 0);
call    0 never executed
        -:  691:
        -:  692:      //discard trashed card
    #####:  693:      for (i = 0; i < state->handCount[currentPlayer]; i++)
branch  0 never executed
branch  1 never executed
        -:  694:	{
    #####:  695:	  if (state->hand[currentPlayer][i] == j)
branch  0 never executed
branch  1 never executed
        -:  696:	    {
    #####:  697:	      discardCard(i, currentPlayer, state, 0);
call    0 never executed
    #####:  698:	      break;
        -:  699:	    }
        -:  700:	}
        -:  701:
        -:  702:
    #####:  703:      return 0;
        -:  704:
        -:  705:    case smithy:
    #####:  706:        return smithyCard(state, handPos);
call    0 never executed
        -:  707:
        -:  708:    case village:
        -:  709:      //+1 Card
    #####:  710:      drawCard(currentPlayer, state);
call    0 never executed
        -:  711:
        -:  712:      //+2 Actions
    #####:  713:      state->numActions = state->numActions + 2;
        -:  714:
        -:  715:      //discard played card from hand
    #####:  716:      discardCard(handPos, currentPlayer, state, 0);
call    0 never executed
    #####:  717:      return 0;
        -:  718:
        -:  719:    case baron:
    #####:  720:      state->numBuys++;//Increase buys by 1!
    #####:  721:      if (choice1 > 0){//Boolean true or going to discard an estate
branch  0 never executed
branch  1 never executed
    #####:  722:	int p = 0;//Iterator for hand!
    #####:  723:	int card_not_discarded = 1;//Flag for discard set!
    #####:  724:	while(card_not_discarded){
branch  0 never executed
branch  1 never executed
    #####:  725:	  if (state->hand[currentPlayer][p] == estate){//Found an estate card!
branch  0 never executed
branch  1 never executed
    #####:  726:	    state->coins += 4;//Add 4 coins to the amount of coins
    #####:  727:	    state->discard[currentPlayer][state->discardCount[currentPlayer]] = state->hand[currentPlayer][p];
    #####:  728:	    state->discardCount[currentPlayer]++;
    #####:  729:	    for (;p < state->handCount[currentPlayer]; p++){
branch  0 never executed
branch  1 never executed
    #####:  730:	      state->hand[currentPlayer][p] = state->hand[currentPlayer][p+1];
        -:  731:	    }
    #####:  732:	    state->hand[currentPlayer][state->handCount[currentPlayer]] = -1;
    #####:  733:	    state->handCount[currentPlayer]--;
    #####:  734:	    card_not_discarded = 0;//Exit the loop
        -:  735:	  }
    #####:  736:	  else if (p > state->handCount[currentPlayer]){
branch  0 never executed
branch  1 never executed
        -:  737:	    if(DEBUG) {
        -:  738:	      printf("No estate cards in your hand, invalid choice\n");
        -:  739:	      printf("Must gain an estate if there are any\n");
        -:  740:	    }
    #####:  741:	    if (supplyCount(estate, state) > 0){
call    0 never executed
branch  1 never executed
branch  2 never executed
    #####:  742:	      gainCard(estate, state, 0, currentPlayer);
call    0 never executed
    #####:  743:	      state->supplyCount[estate]--;//Decrement estates
    #####:  744:	      if (supplyCount(estate, state) == 0){
call    0 never executed
branch  1 never executed
branch  2 never executed
    #####:  745:		isGameOver(state);
call    0 never executed
        -:  746:	      }
        -:  747:	    }
    #####:  748:	    card_not_discarded = 0;//Exit the loop
        -:  749:	  }
        -:  750:
        -:  751:	  else{
    #####:  752:	    p++;//Next card
        -:  753:	  }
        -:  754:	}
        -:  755:      }
        -:  756:
        -:  757:      else{
    #####:  758:	if (supplyCount(estate, state) > 0){
call    0 never executed
branch  1 never executed
branch  2 never executed
    #####:  759:	  gainCard(estate, state, 0, currentPlayer);//Gain an estate
call    0 never executed
    #####:  760:	  state->supplyCount[estate]--;//Decrement Estates
    #####:  761:	  if (supplyCount(estate, state) == 0){
call    0 never executed
branch  1 never executed
branch  2 never executed
    #####:  762:	    isGameOver(state);
call    0 never executed
        -:  763:	  }
        -:  764:	}
        -:  765:      }
        -:  766:
        -:  767:
    #####:  768:      return 0;
        -:  769:
        -:  770:    case great_hall:
        -:  771:      //+1 Card
    #####:  772:      drawCard(currentPlayer, state);
call    0 never executed
        -:  773:
        -:  774:      //+1 Actions
    #####:  775:      state->numActions++;
        -:  776:
        -:  777:      //discard card from hand
    #####:  778:      discardCard(handPos, currentPlayer, state, 0);
call    0 never executed
    #####:  779:      return 0;
        -:  780:
        -:  781:    case minion:
        -:  782:      //+1 action
    #####:  783:      state->numActions++;
        -:  784:
        -:  785:      //discard card from hand
    #####:  786:      discardCard(handPos, currentPlayer, state, 0);
call    0 never executed
        -:  787:
    #####:  788:      if (choice1)		//+2 coins
branch  0 never executed
branch  1 never executed
        -:  789:	{
    #####:  790:	  state->coins = state->coins + 2;
        -:  791:	}
        -:  792:
    #####:  793:      else if (choice2)		//discard hand, redraw 4, other players with 5+ cards discard hand and draw 4
branch  0 never executed
branch  1 never executed
        -:  794:	{
        -:  795:	  //discard hand
    #####:  796:	  while(numHandCards(state) > 0)
call    0 never executed
branch  1 never executed
branch  2 never executed
        -:  797:	    {
    #####:  798:	      discardCard(handPos, currentPlayer, state, 0);
call    0 never executed
        -:  799:	    }
        -:  800:
        -:  801:	  //draw 4
    #####:  802:	  for (i = 0; i < 4; i++)
branch  0 never executed
branch  1 never executed
        -:  803:	    {
    #####:  804:	      drawCard(currentPlayer, state);
call    0 never executed
        -:  805:	    }
        -:  806:
        -:  807:	  //other players discard hand and redraw if hand size > 4
    #####:  808:	  for (i = 0; i < state->numPlayers; i++)
branch  0 never executed
branch  1 never executed
        -:  809:	    {
    #####:  810:	      if (i != currentPlayer)
branch  0 never executed
branch  1 never executed
        -:  811:		{
    #####:  812:		  if ( state->handCount[i] > 4 )
branch  0 never executed
branch  1 never executed
        -:  813:		    {
        -:  814:		      //discard hand
    #####:  815:		      while( state->handCount[i] > 0 )
branch  0 never executed
branch  1 never executed
        -:  816:			{
    #####:  817:			  discardCard(handPos, i, state, 0);
call    0 never executed
        -:  818:			}
        -:  819:
        -:  820:		      //draw 4
    #####:  821:		      for (j = 0; j < 4; j++)
branch  0 never executed
branch  1 never executed
        -:  822:			{
    #####:  823:			  drawCard(i, state);
call    0 never executed
        -:  824:			}
        -:  825:		    }
        -:  826:		}
        -:  827:	    }
        -:  828:
        -:  829:	}
    #####:  830:      return 0;
        -:  831:
        -:  832:    case steward:
    #####:  833:      if (choice1 == 1)
branch  0 never executed
branch  1 never executed
        -:  834:	{
        -:  835:	  //+2 cards
    #####:  836:	  drawCard(currentPlayer, state);
call    0 never executed
    #####:  837:	  drawCard(currentPlayer, state);
call    0 never executed
        -:  838:	}
    #####:  839:      else if (choice1 == 2)
branch  0 never executed
branch  1 never executed
        -:  840:	{
        -:  841:	  //+2 coins
    #####:  842:	  state->coins = state->coins + 2;
        -:  843:	}
        -:  844:      else
        -:  845:	{
        -:  846:	  //trash 2 cards in hand
    #####:  847:	  discardCard(choice2, currentPlayer, state, 1);
call    0 never executed
    #####:  848:	  discardCard(choice3, currentPlayer, state, 1);
call    0 never executed
        -:  849:	}
        -:  850:
        -:  851:      //discard card from hand
    #####:  852:      discardCard(handPos, currentPlayer, state, 0);
call    0 never executed
    #####:  853:      return 0;
        -:  854:
        -:  855:    case tribute:
    #####:  856:      if ((state->discardCount[nextPlayer] + state->deckCount[nextPlayer]) <= 1){
branch  0 never executed
branch  1 never executed
    #####:  857:	if (state->deckCount[nextPlayer] > 0){
branch  0 never executed
branch  1 never executed
    #####:  858:	  tributeRevealedCards[0] = state->deck[nextPlayer][state->deckCount[nextPlayer]-1];
    #####:  859:	  state->deckCount[nextPlayer]--;
        -:  860:	}
    #####:  861:	else if (state->discardCount[nextPlayer] > 0){
branch  0 never executed
branch  1 never executed
    #####:  862:	  tributeRevealedCards[0] = state->discard[nextPlayer][state->discardCount[nextPlayer]-1];
    #####:  863:	  state->discardCount[nextPlayer]--;
        -:  864:	}
        -:  865:	else{
        -:  866:	  //No Card to Reveal
        -:  867:	  if (DEBUG){
        -:  868:	    printf("No cards to reveal\n");
        -:  869:	  }
        -:  870:	}
        -:  871:      }
        -:  872:
        -:  873:      else{
    #####:  874:	if (state->deckCount[nextPlayer] == 0){
branch  0 never executed
branch  1 never executed
    #####:  875:	  for (i = 0; i < state->discardCount[nextPlayer]; i++){
branch  0 never executed
branch  1 never executed
    #####:  876:	    state->deck[nextPlayer][i] = state->discard[nextPlayer][i];//Move to deck
    #####:  877:	    state->deckCount[nextPlayer]++;
    #####:  878:	    state->discard[nextPlayer][i] = -1;
    #####:  879:	    state->discardCount[nextPlayer]--;
        -:  880:	  }
        -:  881:
    #####:  882:	  shuffle(nextPlayer,state);//Shuffle the deck
call    0 never executed
        -:  883:	}
    #####:  884:	tributeRevealedCards[0] = state->deck[nextPlayer][state->deckCount[nextPlayer]-1];
    #####:  885:	state->deck[nextPlayer][state->deckCount[nextPlayer]--] = -1;
    #####:  886:	state->deckCount[nextPlayer]--;
    #####:  887:	tributeRevealedCards[1] = state->deck[nextPlayer][state->deckCount[nextPlayer]-1];
    #####:  888:	state->deck[nextPlayer][state->deckCount[nextPlayer]--] = -1;
    #####:  889:	state->deckCount[nextPlayer]--;
        -:  890:      }
        -:  891:
    #####:  892:      if (tributeRevealedCards[0] == tributeRevealedCards[1]){//If we have a duplicate card, just drop one
branch  0 never executed
branch  1 never executed
    #####:  893:	state->playedCards[state->playedCardCount] = tributeRevealedCards[1];
    #####:  894:	state->playedCardCount++;
    #####:  895:	tributeRevealedCards[1] = -1;
        -:  896:      }
        -:  897:
    #####:  898:      for (i = 0; i <= 2; i ++){
branch  0 never executed
branch  1 never executed
    #####:  899:	if (tributeRevealedCards[i] == copper || tributeRevealedCards[i] == silver || tributeRevealedCards[i] == gold){//Treasure cards
branch  0 never executed
branch  1 never executed
branch  2 never executed
branch  3 never executed
branch  4 never executed
branch  5 never executed
    #####:  900:	  state->coins += 2;
        -:  901:	}
        -:  902:
    #####:  903:	else if (tributeRevealedCards[i] == estate || tributeRevealedCards[i] == duchy || tributeRevealedCards[i] == province || tributeRevealedCards[i] == gardens || tributeRevealedCards[i] == great_hall){//Victory Card Found
branch  0 never executed
branch  1 never executed
branch  2 never executed
branch  3 never executed
branch  4 never executed
branch  5 never executed
branch  6 never executed
branch  7 never executed
branch  8 never executed
branch  9 never executed
    #####:  904:	  drawCard(currentPlayer, state);
call    0 never executed
    #####:  905:	  drawCard(currentPlayer, state);
call    0 never executed
        -:  906:	}
        -:  907:	else{//Action Card
    #####:  908:	  state->numActions = state->numActions + 2;
        -:  909:	}
        -:  910:      }
        -:  911:
    #####:  912:      return 0;
        -:  913:
        -:  914:    case ambassador:
    #####:  915:      j = 0;		//used to check if player has enough cards to discard
        -:  916:
    #####:  917:      if (choice2 > 2 || choice2 < 0)
branch  0 never executed
branch  1 never executed
branch  2 never executed
branch  3 never executed
        -:  918:	{
    #####:  919:	  return -1;
        -:  920:	}
        -:  921:
    #####:  922:      if (choice1 == handPos)
branch  0 never executed
branch  1 never executed
        -:  923:	{
    #####:  924:	  return -1;
        -:  925:	}
        -:  926:
    #####:  927:      for (i = 0; i < state->handCount[currentPlayer]; i++)
branch  0 never executed
branch  1 never executed
        -:  928:	{
    #####:  929:	  if (i != handPos && i == state->hand[currentPlayer][choice1] && i != choice1)
branch  0 never executed
branch  1 never executed
branch  2 never executed
branch  3 never executed
branch  4 never executed
branch  5 never executed
        -:  930:	    {
    #####:  931:	      j++;
        -:  932:	    }
        -:  933:	}
    #####:  934:      if (j < choice2)
branch  0 never executed
branch  1 never executed
        -:  935:	{
    #####:  936:	  return -1;
        -:  937:	}
        -:  938:
        -:  939:      if (DEBUG)
        -:  940:	printf("Player %d reveals card number: %d\n", currentPlayer, state->hand[currentPlayer][choice1]);
        -:  941:
        -:  942:      //increase supply count for choosen card by amount being discarded
    #####:  943:      state->supplyCount[state->hand[currentPlayer][choice1]] += choice2;
        -:  944:
        -:  945:      //each other player gains a copy of revealed card
    #####:  946:      for (i = 0; i < state->numPlayers; i++)
branch  0 never executed
branch  1 never executed
        -:  947:	{
    #####:  948:	  if (i != currentPlayer)
branch  0 never executed
branch  1 never executed
        -:  949:	    {
    #####:  950:	      gainCard(state->hand[currentPlayer][choice1], state, 0, i);
call    0 never executed
        -:  951:	    }
        -:  952:	}
        -:  953:
        -:  954:      //discard played card from hand
    #####:  955:      discardCard(handPos, currentPlayer, state, 0);
call    0 never executed
        -:  956:
        -:  957:      //trash copies of cards returned to supply
    #####:  958:      for (j = 0; j < choice2; j++)
branch  0 never executed
branch  1 never executed
        -:  959:	{
    #####:  960:	  for (i = 0; i < state->handCount[currentPlayer]; i++)
branch  0 never executed
branch  1 never executed
        -:  961:	    {
    #####:  962:	      if (state->hand[currentPlayer][i] == state->hand[currentPlayer][choice1])
branch  0 never executed
branch  1 never executed
        -:  963:		{
    #####:  964:		  discardCard(i, currentPlayer, state, 1);
call    0 never executed
    #####:  965:		  break;
        -:  966:		}
        -:  967:	    }
        -:  968:	}
        -:  969:
    #####:  970:      return 0;
        -:  971:
        -:  972:    case cutpurse:
        -:  973:
    #####:  974:      updateCoins(currentPlayer, state, 2);
call    0 never executed
    #####:  975:      for (i = 0; i < state->numPlayers; i++)
branch  0 never executed
branch  1 never executed
        -:  976:	{
    #####:  977:	  if (i != currentPlayer)
branch  0 never executed
branch  1 never executed
        -:  978:	    {
    #####:  979:	      for (j = 0; j < state->handCount[i]; j++)
branch  0 never executed
branch  1 never executed
        -:  980:		{
    #####:  981:		  if (state->hand[i][j] == copper)
branch  0 never executed
branch  1 never executed
        -:  982:		    {
    #####:  983:		      discardCard(j, i, state, 0);
call    0 never executed
    #####:  984:		      break;
        -:  985:		    }
    #####:  986:		  if (j == state->handCount[i])
branch  0 never executed
branch  1 never executed
        -:  987:		    {
    #####:  988:		      for (k = 0; k < state->handCount[i]; k++)
branch  0 never executed
branch  1 never executed
        -:  989:			{
        -:  990:			  if (DEBUG)
        -:  991:			    printf("Player %d reveals card number %d\n", i, state->hand[i][k]);
        -:  992:			}
    #####:  993:		      break;
        -:  994:		    }
        -:  995:		}
        -:  996:
        -:  997:	    }
        -:  998:
        -:  999:	}
        -: 1000:
        -: 1001:      //discard played card from hand
    #####: 1002:      discardCard(handPos, currentPlayer, state, 0);
call    0 never executed
        -: 1003:
    #####: 1004:      return 0;
        -: 1005:
        -: 1006:
        -: 1007:    case embargo:
        -: 1008:      //+2 Coins
    #####: 1009:      state->coins = state->coins + 2;
        -: 1010:
        -: 1011:      //see if selected pile is in play
    #####: 1012:      if ( state->supplyCount[choice1] == -1 )
branch  0 never executed
branch  1 never executed
        -: 1013:	{
    #####: 1014:	  return -1;
        -: 1015:	}
        -: 1016:
        -: 1017:      //add embargo token to selected supply pile
    #####: 1018:      state->embargoTokens[choice1]++;
        -: 1019:
        -: 1020:      //trash card
    #####: 1021:      discardCard(handPos, currentPlayer, state, 1);
call    0 never executed
    #####: 1022:      return 0;
        -: 1023:
        -: 1024:    case outpost:
    #####: 1025:        return outpostCard(state, handPos, currentPlayer);
call    0 never executed
        -: 1026:
        -: 1027:    case salvager:
       25: 1028:        return salvagerCard(state, choice1, currentPlayer, handPos);
call    0 returned 100%
        -: 1029:
        -: 1030:    case sea_hag:
    #####: 1031:      for (i = 0; i < state->numPlayers; i++){
branch  0 never executed
branch  1 never executed
    #####: 1032:	if (i != currentPlayer){
branch  0 never executed
branch  1 never executed
    #####: 1033:	  state->discard[i][state->discardCount[i]] = state->deck[i][state->deckCount[i]--];			    state->deckCount[i]--;
    #####: 1034:	  state->discardCount[i]++;
    #####: 1035:	  state->deck[i][state->deckCount[i]--] = curse;//Top card now a curse
        -: 1036:	}
        -: 1037:      }
    #####: 1038:      return 0;
        -: 1039:
        -: 1040:    case treasure_map:
        -: 1041:      //search hand for another treasure_map
    #####: 1042:      index = -1;
    #####: 1043:      for (i = 0; i < state->handCount[currentPlayer]; i++)
branch  0 never executed
branch  1 never executed
        -: 1044:	{
    #####: 1045:	  if (state->hand[currentPlayer][i] == treasure_map && i != handPos)
branch  0 never executed
branch  1 never executed
branch  2 never executed
branch  3 never executed
        -: 1046:	    {
    #####: 1047:	      index = i;
    #####: 1048:	      break;
        -: 1049:	    }
        -: 1050:	}
    #####: 1051:      if (index > -1)
branch  0 never executed
branch  1 never executed
        -: 1052:	{
        -: 1053:	  //trash both treasure cards
    #####: 1054:	  discardCard(handPos, currentPlayer, state, 1);
call    0 never executed
    #####: 1055:	  discardCard(index, currentPlayer, state, 1);
call    0 never executed
        -: 1056:
        -: 1057:	  //gain 4 Gold cards
    #####: 1058:	  for (i = 0; i < 4; i++)
branch  0 never executed
branch  1 never executed
        -: 1059:	    {
    #####: 1060:	      gainCard(gold, state, 1, currentPlayer);
call    0 never executed
        -: 1061:	    }
        -: 1062:
        -: 1063:	  //return success
    #####: 1064:	  return 1;
        -: 1065:	}
        -: 1066:
        -: 1067:      //no second treasure_map found in hand
    #####: 1068:      return -1;
        -: 1069:    }
        -: 1070:
    #####: 1071:  return -1;
        -: 1072:}
        -: 1073:
function outpostCard called 0 returned 0% blocks executed 0%
    #####: 1074:int outpostCard(struct gameState *state, int handPos, int currentPlayer){
        -: 1075:    //set outpost flag
    #####: 1076:    state->outpostPlayed++;
        -: 1077:
        -: 1078:    //discard card
    #####: 1079:    discardCard(handPos, currentPlayer, state, 0);
call    0 never executed
    #####: 1080:    return 0;
        -: 1081:}
        -: 1082:
function salvagerCard called 25 returned 100% blocks executed 100%
       25: 1083:int salvagerCard(struct gameState *state, int choice1, int currentPlayer, int handPos){
        -: 1084:    //+1 buy
       25: 1085:    state->numBuys++;
        -: 1086:
       25: 1087:    if (choice1) {
branch  0 taken 80% (fallthrough)
branch  1 taken 20%
        -: 1088:        //gain coins equal to trashed card
       20: 1089:        state->coins = state->coins + getCost( handCard(choice1, state) );
call    0 returned 100%
call    1 returned 100%
        -: 1090:        //trash card
       20: 1091:        discardCard(choice1, currentPlayer, state, 1);
call    0 returned 100%
        -: 1092:    }
        -: 1093:
        -: 1094:    //discard card
       25: 1095:    discardCard(handPos, currentPlayer, state, 0);
call    0 returned 100%
       25: 1096:    return 0;
        -: 1097:}
        -: 1098:
        -: 1099:
function adventurerCard called 0 returned 0% blocks executed 0%
    #####: 1100:int adventurerCard(struct gameState *state)
        -: 1101:{
    #####: 1102:  int currentPlayer = whoseTurn(state);
call    0 never executed
        -: 1103:
        -: 1104:  int temphand[MAX_HAND];// moved above the if statement
    #####: 1105:  int drawntreasure=0;
        -: 1106:  int cardDrawn;
    #####: 1107:  int z = 0;// this is the counter for the temp hand
        -: 1108:
    #####: 1109:    while(drawntreasure<2){
branch  0 never executed
branch  1 never executed
    #####: 1110:        if (state->deckCount[currentPlayer] <1){//if the deck is empty we need to shuffle discard and add to deck
branch  0 never executed
branch  1 never executed
    #####: 1111:          shuffle(currentPlayer, state);
call    0 never executed
        -: 1112:        }
    #####: 1113:        drawCard(currentPlayer, state);
call    0 never executed
    #####: 1114:        cardDrawn = state->hand[currentPlayer][state->handCount[currentPlayer]-1];//top card of hand is most recently drawn card.
        -: 1115:        /** Bug: replaced 'cardDrawn == copper' with '(cardDrawn = copper)' **/
        -: 1116:        //if (cardDrawn = copper || cardDrawn == silver || cardDrawn == gold)
    #####: 1117:        if (cardDrawn == copper || cardDrawn == silver || cardDrawn == gold)
branch  0 never executed
branch  1 never executed
branch  2 never executed
branch  3 never executed
branch  4 never executed
branch  5 never executed
    #####: 1118:          drawntreasure++;
        -: 1119:        else{
    #####: 1120:          temphand[z]=cardDrawn;
    #####: 1121:          state->handCount[currentPlayer]--; //this should just remove the top card (the most recently drawn one).
    #####: 1122:          z++;
        -: 1123:        }
        -: 1124:	}
        -: 1125:
    #####: 1126:    while(z-1>=0){
branch  0 never executed
branch  1 never executed
    #####: 1127:        state->discard[currentPlayer][state->discardCount[currentPlayer]++]=temphand[z-1]; // discard all cards in play that have been drawn
    #####: 1128:        z=z-1;
        -: 1129:    }
    #####: 1130:    return 0;
        -: 1131:}
        -: 1132:
function smithyCard called 0 returned 0% blocks executed 0%
    #####: 1133:int smithyCard(struct gameState *state, int handPos)
        -: 1134:{
        -: 1135:    int i;
    #####: 1136:    int currentPlayer = whoseTurn(state);
call    0 never executed
        -: 1137:      //+3 Cards
        -: 1138:      //for (i = 0; i < 3; i++)
        -: 1139:      /** Bug: replaced 'i < 3' with 'i <= 3' **/
    #####: 1140:      for (i = 0; i < 3; i++)
branch  0 never executed
branch  1 never executed
        -: 1141:	{
    #####: 1142:	  drawCard(currentPlayer, state);
call    0 never executed
        -: 1143:	}
        -: 1144:      //discard card from hand
    #####: 1145:      discardCard(handPos, currentPlayer, state, 0);
call    0 never executed
    #####: 1146:      return 0;
        -: 1147:}
        -: 1148:
function mineCard called 0 returned 0% blocks executed 0%
    #####: 1149:int mineCard(struct gameState *state, int choice1, int choice2, int handPos)
        -: 1150:{
        -: 1151:      int i;
        -: 1152:      int j;
    #####: 1153:      int currentPlayer = whoseTurn(state);
call    0 never executed
    #####: 1154:      j = state->hand[currentPlayer][choice1];  //store card we will trash
        -: 1155:
    #####: 1156:      if (state->hand[currentPlayer][choice1] < copper || state->hand[currentPlayer][choice1] > gold)
branch  0 never executed
branch  1 never executed
branch  2 never executed
branch  3 never executed
        -: 1157:	{
    #####: 1158:	  return -1;
        -: 1159:	}
        -: 1160:
        -: 1161:    //if (choice2 > treasure_map || choice2 < curse)
        -: 1162:    /** Bug: replaced '||' with '&&' **/
    #####: 1163:      if (choice2 > treasure_map && choice2 < curse)
branch  0 never executed
branch  1 never executed
branch  2 never executed
branch  3 never executed
        -: 1164:	{
    #####: 1165:	  return -1;
        -: 1166:	}
        -: 1167:
    #####: 1168:      if ( (getCost(state->hand[currentPlayer][choice1]) + 3) > getCost(choice2) )
call    0 never executed
call    1 never executed
branch  2 never executed
branch  3 never executed
        -: 1169:	{
    #####: 1170:	  return -1;
        -: 1171:	}
        -: 1172:
    #####: 1173:      gainCard(choice2, state, 2, currentPlayer);
call    0 never executed
        -: 1174:
        -: 1175:      //discard card from hand
    #####: 1176:      discardCard(handPos, currentPlayer, state, 0);
call    0 never executed
        -: 1177:
        -: 1178:      //discard trashed card
    #####: 1179:      for (i = 0; i < state->handCount[currentPlayer]; i++)
branch  0 never executed
branch  1 never executed
        -: 1180:	{
    #####: 1181:	  if (state->hand[currentPlayer][i] == j)
branch  0 never executed
branch  1 never executed
        -: 1182:	    {
    #####: 1183:	      discardCard(i, currentPlayer, state, 0);
call    0 never executed
    #####: 1184:	      break;
        -: 1185:	    }
        -: 1186:	}
        -: 1187:
    #####: 1188:      j = state->hand[currentPlayer][choice1];  //store card we will trash
        -: 1189:
    #####: 1190:      if (state->hand[currentPlayer][choice1] < copper || state->hand[currentPlayer][choice1] > gold)
branch  0 never executed
branch  1 never executed
branch  2 never executed
branch  3 never executed
        -: 1191:	{
    #####: 1192:	  return -1;
        -: 1193:	}
        -: 1194:
    #####: 1195:      if (choice2 > treasure_map || choice2 < curse)
branch  0 never executed
branch  1 never executed
branch  2 never executed
branch  3 never executed
        -: 1196:	{
    #####: 1197:	  return -1;
        -: 1198:	}
        -: 1199:
    #####: 1200:      if ( (getCost(state->hand[currentPlayer][choice1]) + 3) > getCost(choice2) )
call    0 never executed
call    1 never executed
branch  2 never executed
branch  3 never executed
        -: 1201:	{
    #####: 1202:	  return -1;
        -: 1203:	}
        -: 1204:
    #####: 1205:      gainCard(choice2, state, 2, currentPlayer);
call    0 never executed
        -: 1206:
        -: 1207:      //discard card from hand
    #####: 1208:      discardCard(handPos, currentPlayer, state, 0);
call    0 never executed
        -: 1209:
        -: 1210:      //discard trashed card
    #####: 1211:      for (i = 0; i < state->handCount[currentPlayer]; i++)
branch  0 never executed
branch  1 never executed
        -: 1212:	{
    #####: 1213:	  if (state->hand[currentPlayer][i] == j)
branch  0 never executed
branch  1 never executed
        -: 1214:	    {
    #####: 1215:	      discardCard(i, currentPlayer, state, 0);
call    0 never executed
    #####: 1216:	      break;
        -: 1217:	    }
        -: 1218:	}
    #####: 1219:      return 0;
        -: 1220:}
        -: 1221:
        -: 1222:
function council_roomCard called 0 returned 0% blocks executed 0%
    #####: 1223:int council_roomCard(struct gameState *state, int handPos) {
        -: 1224:
        -: 1225:    int i;
    #####: 1226:    int currentPlayer = whoseTurn(state);
call    0 never executed
        -: 1227:      //+4 Cards
    #####: 1228:      for (i = 0; i < 4; i++)
branch  0 never executed
branch  1 never executed
        -: 1229:	{
    #####: 1230:	  drawCard(currentPlayer, state);
call    0 never executed
        -: 1231:	}
        -: 1232:
        -: 1233:      //+1 Buy
    #####: 1234:      state->numBuys++;
        -: 1235:
        -: 1236:      //Each other player draws a card
        -: 1237:      //for (i = 0; i < state->numPlayers; i++)
        -: 1238:      /** Bug: replace '<' with '<=' **/
    #####: 1239:      for (i = 0; i <= state->numPlayers; i++)
branch  0 never executed
branch  1 never executed
        -: 1240:	{
    #####: 1241:	  if ( i != currentPlayer )
branch  0 never executed
branch  1 never executed
        -: 1242:	    {
    #####: 1243:	      drawCard(i, state);
call    0 never executed
        -: 1244:	    }
        -: 1245:	}
        -: 1246:
        -: 1247:      //put played card in played card pile
    #####: 1248:      discardCard(handPos, currentPlayer, state, 0);
call    0 never executed
        -: 1249:
        -: 1250:      //+4 Cards
    #####: 1251:      for (i = 0; i < 4; i++)
branch  0 never executed
branch  1 never executed
        -: 1252:	{
    #####: 1253:	  drawCard(currentPlayer, state);
call    0 never executed
        -: 1254:	}
        -: 1255:
        -: 1256:      //+1 Buy
    #####: 1257:      state->numBuys++;
        -: 1258:
        -: 1259:      //Each other player draws a card
    #####: 1260:      for (i = 0; i < state->numPlayers; i++)
branch  0 never executed
branch  1 never executed
        -: 1261:	{
    #####: 1262:	  if ( i != currentPlayer )
branch  0 never executed
branch  1 never executed
        -: 1263:	    {
    #####: 1264:	      drawCard(i, state);
call    0 never executed
        -: 1265:	    }
        -: 1266:	}
        -: 1267:
        -: 1268:      //put played card in played card pile
    #####: 1269:      discardCard(handPos, currentPlayer, state, 0);
call    0 never executed
        -: 1270:
    #####: 1271:      return 0;
        -: 1272:}
        -: 1273:
function feastCard called 0 returned 0% blocks executed 0%
    #####: 1274:int feastCard(struct gameState *state, int choice1, int handPos)
        -: 1275:{
        -: 1276:    int i;
        -: 1277:    int x;
    #####: 1278:    int currentPlayer = whoseTurn(state);
call    0 never executed
        -: 1279:    int temphand[MAX_HAND];// moved above the if statement
        -: 1280:
        -: 1281:      //gain card with cost up to 5
        -: 1282:      //Backup hand
    #####: 1283:      for (i = 0; i <= state->handCount[currentPlayer]; i++){
branch  0 never executed
branch  1 never executed
    #####: 1284:        temphand[i] = state->hand[currentPlayer][i];//Backup card
    #####: 1285:        state->hand[currentPlayer][i] = -1;//Set to nothing
        -: 1286:      }
        -: 1287:      //Backup hand
        -: 1288:
        -: 1289:      //Update Coins for Buy
    #####: 1290:      updateCoins(currentPlayer, state, 5);
call    0 never executed
    #####: 1291:      x = 1;//Condition to loop on
    #####: 1292:    while( x == 1) {//Buy one card
branch  0 never executed
branch  1 never executed
    #####: 1293:        if (supplyCount(choice1, state) <= 0){
call    0 never executed
branch  1 never executed
branch  2 never executed
        -: 1294:          if (DEBUG)
        -: 1295:            printf("None of that card left, sorry!\n");
        -: 1296:
        -: 1297:          if (DEBUG){
        -: 1298:            printf("Cards Left: %d\n", supplyCount(choice1, state));
        -: 1299:          }
        -: 1300:        }
    #####: 1301:        else if (state->coins < getCost(choice1)){
call    0 never executed
branch  1 never executed
branch  2 never executed
    #####: 1302:          printf("That card is too expensive!\n");
call    0 never executed
        -: 1303:
        -: 1304:          if (DEBUG){
        -: 1305:            printf("Coins: %d < %d\n", state->coins, getCost(choice1));
        -: 1306:          }
        -: 1307:        }
        -: 1308:        else{
        -: 1309:
        -: 1310:          if (DEBUG){
        -: 1311:            printf("Deck Count: %d\n", state->handCount[currentPlayer] + state->deckCount[currentPlayer] + state->discardCount[currentPlayer]);
        -: 1312:          }
        -: 1313:
    #####: 1314:          gainCard(choice1, state, 0, currentPlayer);//Gain the card
call    0 never executed
    #####: 1315:          x = 0;//No more buying cards
        -: 1316:
        -: 1317:          if (DEBUG){
        -: 1318:            printf("Deck Count: %d\n", state->handCount[currentPlayer] + state->deckCount[currentPlayer] + state->discardCount[currentPlayer]);
        -: 1319:          }
        -: 1320:        }
        -: 1321:    }
        -: 1322:
        -: 1323:      //Reset Hand
    #####: 1324:      for (i = 0; i <= state->handCount[currentPlayer]; i++){
branch  0 never executed
branch  1 never executed
    #####: 1325:        state->hand[currentPlayer][i] = temphand[i];
    #####: 1326:        temphand[i] = -1;
        -: 1327:      }
        -: 1328:      //Reset Hand
        -: 1329:
    #####: 1330:      return 0;
        -: 1331:}
        -: 1332:
function discardCard called 45 returned 100% blocks executed 89%
       45: 1333:int discardCard(int handPos, int currentPlayer, struct gameState *state, int trashFlag)
        -: 1334:{
        -: 1335:
        -: 1336:  //if card is not trashed, added to Played pile
       45: 1337:  if (trashFlag < 1)
branch  0 taken 56% (fallthrough)
branch  1 taken 44%
        -: 1338:    {
        -: 1339:      //add card to played pile
       25: 1340:      state->playedCards[state->playedCardCount] = state->hand[currentPlayer][handPos];
       25: 1341:      state->playedCardCount++;
        -: 1342:    }
        -: 1343:
        -: 1344:    // place card in discard pile
       45: 1345:  state->discard[currentPlayer][state->discardCount[currentPlayer]++] = state->hand[currentPlayer][handPos];
        -: 1346:  //state->discardCount[currentPlayer]++;
        -: 1347:
        -: 1348:  //set played card to -1
       45: 1349:  state->hand[currentPlayer][handPos] = -1;
        -: 1350:
        -: 1351:  //remove card from player's hand
       45: 1352:  if ( handPos == (state->handCount[currentPlayer] - 1) ) 	//last card in hand array is played
branch  0 taken 22% (fallthrough)
branch  1 taken 78%
        -: 1353:    {
        -: 1354:      //reduce number of cards in hand
       10: 1355:      state->handCount[currentPlayer]--;
        -: 1356:    }
       35: 1357:  else if ( state->handCount[currentPlayer] == 1 ) //only one card in hand
branch  0 taken 0% (fallthrough)
branch  1 taken 100%
        -: 1358:    {
        -: 1359:      //reduce number of cards in hand
    #####: 1360:      state->handCount[currentPlayer]--;
        -: 1361:    }
        -: 1362:  else
        -: 1363:    {
        -: 1364:      //replace discarded card with last card in hand
       35: 1365:      state->hand[currentPlayer][handPos] = state->hand[currentPlayer][ (state->handCount[currentPlayer] - 1)];
        -: 1366:      //set last card to -1
       35: 1367:      state->hand[currentPlayer][state->handCount[currentPlayer] - 1] = -1;
        -: 1368:      //reduce number of cards in hand
       35: 1369:      state->handCount[currentPlayer]--;
        -: 1370:    }
        -: 1371:
        -: 1372:
       45: 1373:  return 0;
        -: 1374:}
        -: 1375:
function gainCard called 0 returned 0% blocks executed 0%
    #####: 1376:int gainCard(int supplyPos, struct gameState *state, int toFlag, int player)
        -: 1377:{
        -: 1378:  //Note: supplyPos is enum of choosen card
        -: 1379:
        -: 1380:  //check if supply pile is empty (0) or card is not used in game (-1)
    #####: 1381:  if ( supplyCount(supplyPos, state) < 1 )
call    0 never executed
branch  1 never executed
branch  2 never executed
        -: 1382:    {
    #####: 1383:      return -1;
        -: 1384:    }
        -: 1385:
        -: 1386:  //added card for [whoseTurn] current player:
        -: 1387:  // toFlag = 0 : add to discard
        -: 1388:  // toFlag = 1 : add to deck
        -: 1389:  // toFlag = 2 : add to hand
        -: 1390:
    #####: 1391:  if (toFlag == 1)
branch  0 never executed
branch  1 never executed
        -: 1392:    {
    #####: 1393:      state->deck[ player ][ state->deckCount[player] ] = supplyPos;
    #####: 1394:      state->deckCount[player]++;
        -: 1395:    }
    #####: 1396:  else if (toFlag == 2)
branch  0 never executed
branch  1 never executed
        -: 1397:    {
    #####: 1398:      state->hand[ player ][ state->handCount[player] ] = supplyPos;
    #####: 1399:      state->handCount[player]++;
        -: 1400:    }
        -: 1401:  else
        -: 1402:    {
    #####: 1403:      state->discard[player][ state->discardCount[player] ] = supplyPos;
    #####: 1404:      state->discardCount[player]++;
        -: 1405:    }
        -: 1406:
        -: 1407:  //decrease number in supply pile
    #####: 1408:  state->supplyCount[supplyPos]--;
        -: 1409:
    #####: 1410:  return 0;
        -: 1411:}
        -: 1412:
function updateCoins called 25 returned 100% blocks executed 82%
       25: 1413:int updateCoins(int player, struct gameState *state, int bonus)
        -: 1414:{
        -: 1415:  int i;
        -: 1416:
        -: 1417:  //reset coin count
       25: 1418:  state->coins = 0;
        -: 1419:
        -: 1420:  //add coins for each Treasure card in player's hand
      150: 1421:  for (i = 0; i < state->handCount[player]; i++)
branch  0 taken 83%
branch  1 taken 17% (fallthrough)
        -: 1422:    {
      125: 1423:      if (state->hand[player][i] == copper)
branch  0 taken 80% (fallthrough)
branch  1 taken 20%
        -: 1424:	{
      100: 1425:	  state->coins += 1;
        -: 1426:	}
       25: 1427:      else if (state->hand[player][i] == silver)
branch  0 taken 0% (fallthrough)
branch  1 taken 100%
        -: 1428:	{
    #####: 1429:	  state->coins += 2;
        -: 1430:	}
       25: 1431:      else if (state->hand[player][i] == gold)
branch  0 taken 0% (fallthrough)
branch  1 taken 100%
        -: 1432:	{
    #####: 1433:	  state->coins += 3;
        -: 1434:	}
        -: 1435:    }
        -: 1436:
        -: 1437:  //add bonus
       25: 1438:  state->coins += bonus;
        -: 1439:
       25: 1440:  return 0;
        -: 1441:}
        -: 1442:
        -: 1443://end of dominion.c
